#
# There is insufficient memory for the Java Runtime Environment to continue.
# Native memory allocation (mmap) failed to map 65536 bytes for Failed to commit metaspace.
# Possible reasons:
#   The system is out of physical RAM or swap space
#   The process is running with CompressedOops enabled, and the Java Heap may be blocking the growth of the native heap
# Possible solutions:
#   Reduce memory load on the system
#   Increase physical memory or swap space
#   Check if swap backing store is full
#   Decrease Java heap size (-Xmx/-Xms)
#   Decrease number of Java threads
#   Decrease Java thread stack sizes (-Xss)
#   Set larger code cache with -XX:ReservedCodeCacheSize=
#   JVM is running with Unscaled Compressed Oops mode in which the Java heap is
#     placed in the first 4GB address space. The Java Heap base address is the
#     maximum limit for the native heap growth. Please use -XX:HeapBaseMinAddress
#     to set the Java Heap base and to place the Java Heap above 4GB virtual address.
# This output file may be truncated or incomplete.
#
#  Out of Memory Error (virtualSpaceNode.cpp:112), pid=22696, tid=37808
#
# JRE version: Java(TM) SE Runtime Environment (21.0.1+12) (build 21.0.1+12-LTS-29)
# Java VM: Java HotSpot(TM) 64-Bit Server VM (21.0.1+12-LTS-29, mixed mode, sharing, tiered, compressed oops, compressed class ptrs, g1 gc, windows-amd64)
# No core dump will be written. Minidumps are not enabled by default on client versions of Windows
#

---------------  S U M M A R Y ------------

Command Line: -Dfile.encoding=UTF-8 --enable-preview --module-path=F:\the material\ITI -9months proffessional training\Software Testing & Quality Assurance\Java\Project\PaintProject\build\classes paintproject.PaintProject

Host: Intel(R) Core(TM) i5-8265U CPU @ 1.60GHz, 8 cores, 7G,  Windows 11 , 64 bit Build 25201 (10.0.25201.1000)
Time: Sat Jan  6 20:09:44 2024 Egypt Standard Time elapsed time: 0.678153 seconds (0d 0h 0m 0s)

---------------  T H R E A D  ---------------

Current thread (0x000002a0efd1cc90):  JavaThread "AWT-EventQueue-0"        [_thread_in_vm, id=37808, stack(0x000000d93e500000,0x000000d93e600000) (1024K)]

Stack: [0x000000d93e500000,0x000000d93e600000]
Native frames: (J=compiled Java code, j=interpreted, Vv=VM code, C=native code)
V  [jvm.dll+0x6c9029]
V  [jvm.dll+0x854b81]
V  [jvm.dll+0x856e5e]
V  [jvm.dll+0x857543]
V  [jvm.dll+0x280c06]
V  [jvm.dll+0x8508ae]
V  [jvm.dll+0x66ca45]
V  [jvm.dll+0x66caaa]
V  [jvm.dll+0x66f2a6]
V  [jvm.dll+0x66f172]
V  [jvm.dll+0x66d41e]
V  [jvm.dll+0x67e389]
V  [jvm.dll+0x67782e]
V  [jvm.dll+0x3d3f61]
C  0x000002a0e20fbbe2

The last pc belongs to method entry point (kind = zerolocals) (printed below).
Java frames: (J=compiled Java code, j=interpreted, Vv=VM code)
j  sun.util.locale.LocaleUtils.isAlpha(C)Z+0 java.base@21.0.1
j  sun.util.locale.LocaleUtils.isAlphaString(Ljava/lang/String;)Z+17 java.base@21.0.1
j  sun.util.locale.LanguageTag.isLanguage(Ljava/lang/String;)Z+17 java.base@21.0.1
j  sun.util.locale.LanguageTag.parseLanguage(Lsun/util/locale/StringTokenIterator;Lsun/util/locale/ParseStatus;)Z+26 java.base@21.0.1
j  sun.util.locale.LanguageTag.parse(Ljava/lang/String;Lsun/util/locale/ParseStatus;)Lsun/util/locale/LanguageTag;+79 java.base@21.0.1
j  java.util.Locale.forLanguageTag(Ljava/lang/String;)Ljava/util/Locale;+2 java.base@21.0.1
v  ~StubRoutines::call_stub 0x000002a0e20f100d
j  sun.awt.windows.WInputMethod.getNativeLocale()Ljava/util/Locale;+0 java.desktop@21.0.1
j  sun.awt.windows.WToolkit.getDefaultKeyboardLocale()Ljava/util/Locale;+0 java.desktop@21.0.1
j  sun.awt.im.ExecutableInputMethodManager.getDefaultKeyboardLocale()Ljava/util/Locale;+15 java.desktop@21.0.1
j  sun.awt.im.InputContext.<init>()V+66 java.desktop@21.0.1
j  sun.awt.im.InputMethodContext.<init>()V+1 java.desktop@21.0.1
j  java.awt.im.InputContext.getInstance()Ljava/awt/im/InputContext;+4 java.desktop@21.0.1
j  java.awt.Window.getInputContext()Ljava/awt/im/InputContext;+15 java.desktop@21.0.1
j  java.awt.Component.getInputContext()Ljava/awt/im/InputContext;+12 java.desktop@21.0.1
j  java.awt.Component.getInputContext()Ljava/awt/im/InputContext;+12 java.desktop@21.0.1
j  java.awt.Component.getInputContext()Ljava/awt/im/InputContext;+12 java.desktop@21.0.1
j  java.awt.Component.dispatchEventImpl(Ljava/awt/AWTEvent;)V+301 java.desktop@21.0.1
j  java.awt.Container.dispatchEventImpl(Ljava/awt/AWTEvent;)V+42 java.desktop@21.0.1
j  java.awt.Component.dispatchEvent(Ljava/awt/AWTEvent;)V+2 java.desktop@21.0.1
j  java.awt.KeyboardFocusManager.redispatchEvent(Ljava/awt/Component;Ljava/awt/AWTEvent;)V+7 java.desktop@21.0.1
j  java.awt.DefaultKeyboardFocusManager.typeAheadAssertions(Ljava/awt/Component;Ljava/awt/AWTEvent;)Z+339 java.desktop@21.0.1
j  java.awt.DefaultKeyboardFocusManager.dispatchEvent(Ljava/awt/AWTEvent;)Z+1066 java.desktop@21.0.1
j  java.awt.Component.dispatchEventImpl(Ljava/awt/AWTEvent;)V+134 java.desktop@21.0.1
j  java.awt.Container.dispatchEventImpl(Ljava/awt/AWTEvent;)V+42 java.desktop@21.0.1
j  java.awt.Component.dispatchEvent(Ljava/awt/AWTEvent;)V+2 java.desktop@21.0.1
j  java.awt.EventQueue.dispatchEventImpl(Ljava/awt/AWTEvent;Ljava/lang/Object;)V+41 java.desktop@21.0.1
j  java.awt.EventQueue$4.run()Ljava/lang/Void;+32 java.desktop@21.0.1
j  java.awt.EventQueue$4.run()Ljava/lang/Object;+1 java.desktop@21.0.1
j  java.security.AccessController.executePrivileged(Ljava/security/PrivilegedAction;Ljava/security/AccessControlContext;Ljava/lang/Class;)Ljava/lang/Object;+29 java.base@21.0.1
j  java.security.AccessController.doPrivileged(Ljava/security/PrivilegedAction;Ljava/security/AccessControlContext;)Ljava/lang/Object;+13 java.base@21.0.1
j  java.security.ProtectionDomain$JavaSecurityAccessImpl.doIntersectionPrivilege(Ljava/security/PrivilegedAction;Ljava/security/AccessControlContext;Ljava/security/AccessControlContext;)Ljava/lang/Object;+18 java.base@21.0.1
j  java.security.ProtectionDomain$JavaSecurityAccessImpl.doIntersectionPrivilege(Ljava/security/PrivilegedAction;Ljava/security/AccessControlContext;)Ljava/lang/Object;+6 java.base@21.0.1
j  java.awt.EventQueue$5.run()Ljava/lang/Void;+11 java.desktop@21.0.1
j  java.awt.EventQueue$5.run()Ljava/lang/Object;+1 java.desktop@21.0.1
j  java.security.AccessController.executePrivileged(Ljava/security/PrivilegedAction;Ljava/security/AccessControlContext;Ljava/lang/Class;)Ljava/lang/Object;+29 java.base@21.0.1
j  java.security.AccessController.doPrivileged(Ljava/security/PrivilegedAction;Ljava/security/AccessControlContext;)Ljava/lang/Object;+13 java.base@21.0.1
j  java.security.ProtectionDomain$JavaSecurityAccessImpl.doIntersectionPrivilege(Ljava/security/PrivilegedAction;Ljava/security/AccessControlContext;Ljava/security/AccessControlContext;)Ljava/lang/Object;+18 java.base@21.0.1
j  java.awt.EventQueue.dispatchEvent(Ljava/awt/AWTEvent;)V+73 java.desktop@21.0.1
j  java.awt.EventDispatchThread.pumpOneEventForFilters(I)V+81 java.desktop@21.0.1
j  java.awt.EventDispatchThread.pumpEventsForFilter(ILjava/awt/Conditional;Ljava/awt/EventFilter;)V+35 java.desktop@21.0.1
j  java.awt.EventDispatchThread.pumpEventsForHierarchy(ILjava/awt/Conditional;Ljava/awt/Component;)V+11 java.desktop@21.0.1
j  java.awt.EventDispatchThread.pumpEvents(ILjava/awt/Conditional;)V+4 java.desktop@21.0.1
j  java.awt.EventDispatchThread.pumpEvents(Ljava/awt/Conditional;)V+3 java.desktop@21.0.1
j  java.awt.EventDispatchThread.run()V+9 java.desktop@21.0.1
v  ~StubRoutines::call_stub 0x000002a0e20f100d
method entry point (kind = zerolocals)  [0x000002a0e20fba00, 0x000002a0e20fbdb8]  952 bytes
[MachCode]
  0x000002a0e20fba00: 488b 5308 | 0fb7 4a2e | 0fb7 522c | 2bd1 81fa | f501 0000 | 0f86 2500 | 0000 488b | c248 c1e0 
  0x000002a0e20fba20: 0348 83c0 | 5849 0387 | d004 0000 | 483b e00f | 870a 0000 | 0058 498b | e550 e941 | acff ff58 
  0x000002a0e20fba40: 4c8d 74cc | f885 d20f | 8e09 0000 | 0068 0000 | 0000 ffca | 7ff7 5055 | 488b ec41 | 5568 0000 
  0x000002a0e20fba60: 0000 4c8b | 6b08 4d8d | 6d38 5348 | 8b53 0848 | 8b52 0848 | 8b52 1848 | 8b52 7048 | 8b12 5248 
  0x000002a0e20fba80: 8b53 1048 | 85d2 0f84 | 0700 0000 | 4881 c208 | 0100 0052 | 488b 5308 | 488b 5208 | 488b 5210 
  0x000002a0e20fbaa0: 5249 8bc6 | 482b c548 | c1e8 0350 | 4155 6800 | 0000 0048 | 8924 2441 | c687 7904 | 0000 0148 
  0x000002a0e20fbac0: 8b45 d848 | 85c0 0f84 | 8300 0000 | 8b48 fc85 | c90f 8878 | 0000 0048 | 03c1 488b | 4808 4883 
  0x000002a0e20fbae0: e902 488b | 54c8 1048 | f7da 498b | 14d6 4885 | d275 0848 | 834c c818 | 01eb 4e8b | 5208 49ba 
  0x000002a0e20fbb00: 0000 0080 | a002 0000 | 4903 d248 | 3354 c818 | 48f7 c2fc | ffff ff74 | 30f6 c202 | 752b 4883 
  0x000002a0e20fbb20: 7cc8 1800 | 741e 4883 | 7cc8 1801 | 7416 4833 | 54c8 1848 | f7c2 fcff | ffff 740d | 4883 4cc8 
  0x000002a0e20fbb40: 1802 eb05 | 4889 54c8 | 1848 83e9 | 0279 9348 | 8b43 1048 | 85c0 7420 | 8b88 cc00 | 0000 83c1 
  0x000002a0e20fbb60: 0289 88cc | 0000 0023 | 88e0 0000 | 000f 8496 | 0100 00e9 | cf00 0000 | 488b 4318 | 4885 c00f 
  0x000002a0e20fbb80: 85b0 0000 | 00e8 0500 | 0000 e999 | 0000 0048 | 8bd3 488d | 4424 084c | 896d c049 | 8bcf c5f8 
  0x000002a0e20fbba0: 7749 89af | a803 0000 | 4989 8798 | 0300 0048 | 83ec 2040 | f6c4 0f0f | 8419 0000 | 0048 83ec 
  0x000002a0e20fbbc0: 0848 b840 | 3f1c 1ff8 | 7f00 00ff | d048 83c4 | 08e9 0c00 | 0000 48b8 | 403f 1c1f | f87f 0000 
  0x000002a0e20fbbe0: ffd0 4883 | c420 49c7 | 8798 0300 | 0000 0000 | 0049 c787 | a803 0000 | 0000 0000 | 49c7 87a0 
  0x000002a0e20fbc00: 0300 0000 | 0000 00c5 | f877 4983 | 7f08 000f | 8405 0000 | 00e9 e652 | ffff 4c8b | 6dc0 4c8b 
  0x000002a0e20fbc20: 75c8 4e8d | 74f5 00c3 | 488b 4318 | 4885 c00f | 8412 0000 | 008b 4808 | 83c1 0289 | 4808 2348 
  0x000002a0e20fbc40: 1c0f 84c2 | 0000 0049 | 3ba7 e804 | 0000 0f87 | 4800 0000 | 8984 2400 | f0ff ff89 | 8424 00e0 
  0x000002a0e20fbc60: ffff 8984 | 2400 d0ff | ff89 8424 | 00c0 ffff | 8984 2400 | b0ff ff89 | 8424 00a0 | ffff 8984 
  0x000002a0e20fbc80: 2400 90ff | ff89 8424 | 0080 ffff | 493b a7e0 | 0400 0076 | 0749 89a7 | e804 0000 | 41c6 8779 
  0x000002a0e20fbca0: 0400 0000 | 49ba c925 | a11f f87f | 0000 4180 | 3a00 0f84 | 3e00 0000 | 488b 55e8 | 498b cf48 
  0x000002a0e20fbcc0: 83ec 2040 | f6c4 0f0f | 8419 0000 | 0048 83ec | 0848 b830 | eb51 1ff8 | 7f00 00ff | d048 83c4 
  0x000002a0e20fbce0: 08e9 0c00 | 0000 48b8 | 30eb 511f | f87f 0000 | ffd0 4883 | c420 410f | b65d 0049 | ba80 e7a3 
  0x000002a0e20fbd00: 1ff8 7f00 | 0041 ff24 | daba 0000 | 0000 e805 | 0000 00e9 | 9600 0000 | 488d 4424 | 084c 896d 
  0x000002a0e20fbd20: c049 8bcf | c5f8 7749 | 89af a803 | 0000 4989 | 8798 0300 | 0048 83ec | 2040 f6c4 | 0f0f 8419 
  0x000002a0e20fbd40: 0000 0048 | 83ec 0848 | b8c0 491c | 1ff8 7f00 | 00ff d048 | 83c4 08e9 | 0c00 0000 | 48b8 c049 
  0x000002a0e20fbd60: 1c1f f87f | 0000 ffd0 | 4883 c420 | 49c7 8798 | 0300 0000 | 0000 0049 | c787 a803 | 0000 0000 
  0x000002a0e20fbd80: 0000 49c7 | 87a0 0300 | 0000 0000 | 00c5 f877 | 4983 7f08 | 000f 8405 | 0000 00e9 | 6051 ffff 
  0x000002a0e20fbda0: 4c8b 6dc0 | 4c8b 75c8 | 4e8d 74f5 | 00c3 488b | 5de8 e990 | feff ff90 
[/MachCode]

---------------  P R O C E S S  ---------------

Threads class SMR info:
_java_thread_list=0x000002a0f491f3b0, length=15, elements={
0x000002a0ef854c30, 0x000002a0ef8596b0, 0x000002a0ef85c100, 0x000002a0ef85e390,
0x000002a0ef85faf0, 0x000002a0ef861560, 0x000002a0ef866c60, 0x000002a0ef8700d0,
0x000002a0efa50990, 0x000002a0efb9add0, 0x000002a0efcabec0, 0x000002a0efcb0850,
0x000002a0efcb8db0, 0x000002a0efd1cc90, 0x000002a0d0f93300
}

Java Threads: ( => current thread )
  0x000002a0ef854c30 JavaThread "Reference Handler"          daemon [_thread_blocked, id=19116, stack(0x000000d93d800000,0x000000d93d900000) (1024K)]
  0x000002a0ef8596b0 JavaThread "Finalizer"                  daemon [_thread_blocked, id=31340, stack(0x000000d93d900000,0x000000d93da00000) (1024K)]
  0x000002a0ef85c100 JavaThread "Signal Dispatcher"          daemon [_thread_blocked, id=34048, stack(0x000000d93da00000,0x000000d93db00000) (1024K)]
  0x000002a0ef85e390 JavaThread "Attach Listener"            daemon [_thread_blocked, id=39464, stack(0x000000d93db00000,0x000000d93dc00000) (1024K)]
  0x000002a0ef85faf0 JavaThread "Service Thread"             daemon [_thread_blocked, id=37576, stack(0x000000d93dc00000,0x000000d93dd00000) (1024K)]
  0x000002a0ef861560 JavaThread "Monitor Deflation Thread"   daemon [_thread_blocked, id=37788, stack(0x000000d93dd00000,0x000000d93de00000) (1024K)]
  0x000002a0ef866c60 JavaThread "C2 CompilerThread0"         daemon [_thread_blocked, id=37748, stack(0x000000d93de00000,0x000000d93df00000) (1024K)]
  0x000002a0ef8700d0 JavaThread "C1 CompilerThread0"         daemon [_thread_blocked, id=35784, stack(0x000000d93df00000,0x000000d93e000000) (1024K)]
  0x000002a0efa50990 JavaThread "Common-Cleaner"             daemon [_thread_blocked, id=39568, stack(0x000000d93e000000,0x000000d93e100000) (1024K)]
  0x000002a0efb9add0 JavaThread "Notification Thread"        daemon [_thread_blocked, id=6268, stack(0x000000d93e100000,0x000000d93e200000) (1024K)]
  0x000002a0efcabec0 JavaThread "Java2D Disposer"            daemon [_thread_blocked, id=25400, stack(0x000000d93e200000,0x000000d93e300000) (1024K)]
  0x000002a0efcb0850 JavaThread "AWT-Shutdown"                      [_thread_blocked, id=18688, stack(0x000000d93e300000,0x000000d93e400000) (1024K)]
  0x000002a0efcb8db0 JavaThread "AWT-Windows"                daemon [_thread_in_native, id=31868, stack(0x000000d93e400000,0x000000d93e500000) (1024K)]
=>0x000002a0efd1cc90 JavaThread "AWT-EventQueue-0"                  [_thread_in_vm, id=37808, stack(0x000000d93e500000,0x000000d93e600000) (1024K)]
  0x000002a0d0f93300 JavaThread "DestroyJavaVM"                     [_thread_blocked, id=33040, stack(0x000000d93d000000,0x000000d93d100000) (1024K)]
Total: 15

Other Threads:
  0x000002a0ef838c00 VMThread "VM Thread"                           [id=29612, stack(0x000000d93d700000,0x000000d93d800000) (1024K)]
  0x000002a0ef81f630 WatcherThread "VM Periodic Task Thread"        [id=36664, stack(0x000000d93d600000,0x000000d93d700000) (1024K)]
  0x000002a0d0fe2590 WorkerThread "GC Thread#0"                     [id=34860, stack(0x000000d93d100000,0x000000d93d200000) (1024K)]
  0x000002a0d0ff3130 ConcurrentGCThread "G1 Main Marker"            [id=31584, stack(0x000000d93d200000,0x000000d93d300000) (1024K)]
  0x000002a0d0ff3c30 WorkerThread "G1 Conc#0"                       [id=14296, stack(0x000000d93d300000,0x000000d93d400000) (1024K)]
  0x000002a0ef6f4190 ConcurrentGCThread "G1 Refine#0"               [id=33404, stack(0x000000d93d400000,0x000000d93d500000) (1024K)]
  0x000002a0ef6f79d0 ConcurrentGCThread "G1 Service"                [id=17448, stack(0x000000d93d500000,0x000000d93d600000) (1024K)]
Total: 7

Threads with active compile tasks:
Total: 0

VM state: not at safepoint (normal execution)

VM Mutex/Monitor currently owned by a thread:  ([mutex/lock_event])
[0x00007ff81fa28578] Metaspace_lock - owner thread: 0x000002a0efd1cc90

Heap address: 0x0000000082200000, size: 2014 MB, Compressed Oops mode: 32-bit

CDS archive(s) mapped at: [0x000002a080000000-0x000002a080c90000-0x000002a080c90000), size 13172736, SharedBaseAddress: 0x000002a080000000, ArchiveRelocationMode: 1.
Compressed class space mapped at: 0x000002a081000000-0x000002a0c1000000, reserved size: 1073741824
Narrow klass base: 0x000002a080000000, Narrow klass shift: 0, Narrow klass range: 0x100000000

GC Precious Log:
 CardTable entry size: 512
 Card Set container configuration: InlinePtr #cards 5 size 8 Array Of Cards #cards 12 size 40 Howl #buckets 4 coarsen threshold 1843 Howl Bitmap #cards 512 size 80 coarsen threshold 460 Card regions per heap region 1 cards per card region 2048
 CPUs: 8 total, 8 available
 Memory: 8052M
 Large Page Support: Disabled
 NUMA Support: Disabled
 Compressed Oops: Enabled (32-bit)
 Heap Region Size: 1M
 Heap Min Capacity: 8M
 Heap Initial Capacity: 126M
 Heap Max Capacity: 2014M
 Pre-touch: Disabled
 Parallel Workers: 8
 Concurrent Workers: 2
 Concurrent Refinement Workers: 8
 Periodic GC: Disabled

Heap:
 garbage-first heap   total 129024K, used 11264K [0x0000000082200000, 0x0000000100000000)
  region size 1024K, 8 young (8192K), 0 survivors (0K)
 Metaspace       used 7056K, committed 7232K, reserved 1114112K
  class space    used 766K, committed 896K, reserved 1048576K

Heap Regions: E=young(eden), S=young(survivor), O=old, HS=humongous(starts), HC=humongous(continues), CS=collection set, F=free, TAMS=top-at-mark-start, PB=parsable bottom
|   0|0x0000000082200000, 0x0000000082300000, 0x0000000082300000|100%|HS|  |TAMS 0x0000000082200000| PB 0x0000000082200000| Complete 
|   1|0x0000000082300000, 0x0000000082400000, 0x0000000082400000|100%|HC|  |TAMS 0x0000000082300000| PB 0x0000000082300000| Complete 
|   2|0x0000000082400000, 0x0000000082500000, 0x0000000082500000|100%|HC|  |TAMS 0x0000000082400000| PB 0x0000000082400000| Complete 
|   3|0x0000000082500000, 0x0000000082600000, 0x0000000082600000|100%|HC|  |TAMS 0x0000000082500000| PB 0x0000000082500000| Complete 
|   4|0x0000000082600000, 0x0000000082600000, 0x0000000082700000|  0%| F|  |TAMS 0x0000000082600000| PB 0x0000000082600000| Untracked 
|   5|0x0000000082700000, 0x0000000082700000, 0x0000000082800000|  0%| F|  |TAMS 0x0000000082700000| PB 0x0000000082700000| Untracked 
|   6|0x0000000082800000, 0x0000000082800000, 0x0000000082900000|  0%| F|  |TAMS 0x0000000082800000| PB 0x0000000082800000| Untracked 
|   7|0x0000000082900000, 0x0000000082900000, 0x0000000082a00000|  0%| F|  |TAMS 0x0000000082900000| PB 0x0000000082900000| Untracked 
|   8|0x0000000082a00000, 0x0000000082a00000, 0x0000000082b00000|  0%| F|  |TAMS 0x0000000082a00000| PB 0x0000000082a00000| Untracked 
|   9|0x0000000082b00000, 0x0000000082b00000, 0x0000000082c00000|  0%| F|  |TAMS 0x0000000082b00000| PB 0x0000000082b00000| Untracked 
|  10|0x0000000082c00000, 0x0000000082c00000, 0x0000000082d00000|  0%| F|  |TAMS 0x0000000082c00000| PB 0x0000000082c00000| Untracked 
|  11|0x0000000082d00000, 0x0000000082d00000, 0x0000000082e00000|  0%| F|  |TAMS 0x0000000082d00000| PB 0x0000000082d00000| Untracked 
|  12|0x0000000082e00000, 0x0000000082e00000, 0x0000000082f00000|  0%| F|  |TAMS 0x0000000082e00000| PB 0x0000000082e00000| Untracked 
|  13|0x0000000082f00000, 0x0000000082f00000, 0x0000000083000000|  0%| F|  |TAMS 0x0000000082f00000| PB 0x0000000082f00000| Untracked 
|  14|0x0000000083000000, 0x0000000083000000, 0x0000000083100000|  0%| F|  |TAMS 0x0000000083000000| PB 0x0000000083000000| Untracked 
|  15|0x0000000083100000, 0x0000000083100000, 0x0000000083200000|  0%| F|  |TAMS 0x0000000083100000| PB 0x0000000083100000| Untracked 
|  16|0x0000000083200000, 0x0000000083200000, 0x0000000083300000|  0%| F|  |TAMS 0x0000000083200000| PB 0x0000000083200000| Untracked 
|  17|0x0000000083300000, 0x0000000083300000, 0x0000000083400000|  0%| F|  |TAMS 0x0000000083300000| PB 0x0000000083300000| Untracked 
|  18|0x0000000083400000, 0x0000000083400000, 0x0000000083500000|  0%| F|  |TAMS 0x0000000083400000| PB 0x0000000083400000| Untracked 
|  19|0x0000000083500000, 0x0000000083500000, 0x0000000083600000|  0%| F|  |TAMS 0x0000000083500000| PB 0x0000000083500000| Untracked 
|  20|0x0000000083600000, 0x0000000083600000, 0x0000000083700000|  0%| F|  |TAMS 0x0000000083600000| PB 0x0000000083600000| Untracked 
|  21|0x0000000083700000, 0x0000000083700000, 0x0000000083800000|  0%| F|  |TAMS 0x0000000083700000| PB 0x0000000083700000| Untracked 
|  22|0x0000000083800000, 0x0000000083800000, 0x0000000083900000|  0%| F|  |TAMS 0x0000000083800000| PB 0x0000000083800000| Untracked 
|  23|0x0000000083900000, 0x0000000083900000, 0x0000000083a00000|  0%| F|  |TAMS 0x0000000083900000| PB 0x0000000083900000| Untracked 
|  24|0x0000000083a00000, 0x0000000083a00000, 0x0000000083b00000|  0%| F|  |TAMS 0x0000000083a00000| PB 0x0000000083a00000| Untracked 
|  25|0x0000000083b00000, 0x0000000083b00000, 0x0000000083c00000|  0%| F|  |TAMS 0x0000000083b00000| PB 0x0000000083b00000| Untracked 
|  26|0x0000000083c00000, 0x0000000083c00000, 0x0000000083d00000|  0%| F|  |TAMS 0x0000000083c00000| PB 0x0000000083c00000| Untracked 
|  27|0x0000000083d00000, 0x0000000083d00000, 0x0000000083e00000|  0%| F|  |TAMS 0x0000000083d00000| PB 0x0000000083d00000| Untracked 
|  28|0x0000000083e00000, 0x0000000083e00000, 0x0000000083f00000|  0%| F|  |TAMS 0x0000000083e00000| PB 0x0000000083e00000| Untracked 
|  29|0x0000000083f00000, 0x0000000083f00000, 0x0000000084000000|  0%| F|  |TAMS 0x0000000083f00000| PB 0x0000000083f00000| Untracked 
|  30|0x0000000084000000, 0x0000000084000000, 0x0000000084100000|  0%| F|  |TAMS 0x0000000084000000| PB 0x0000000084000000| Untracked 
|  31|0x0000000084100000, 0x0000000084100000, 0x0000000084200000|  0%| F|  |TAMS 0x0000000084100000| PB 0x0000000084100000| Untracked 
|  32|0x0000000084200000, 0x0000000084200000, 0x0000000084300000|  0%| F|  |TAMS 0x0000000084200000| PB 0x0000000084200000| Untracked 
|  33|0x0000000084300000, 0x0000000084300000, 0x0000000084400000|  0%| F|  |TAMS 0x0000000084300000| PB 0x0000000084300000| Untracked 
|  34|0x0000000084400000, 0x0000000084400000, 0x0000000084500000|  0%| F|  |TAMS 0x0000000084400000| PB 0x0000000084400000| Untracked 
|  35|0x0000000084500000, 0x0000000084500000, 0x0000000084600000|  0%| F|  |TAMS 0x0000000084500000| PB 0x0000000084500000| Untracked 
|  36|0x0000000084600000, 0x0000000084600000, 0x0000000084700000|  0%| F|  |TAMS 0x0000000084600000| PB 0x0000000084600000| Untracked 
|  37|0x0000000084700000, 0x0000000084700000, 0x0000000084800000|  0%| F|  |TAMS 0x0000000084700000| PB 0x0000000084700000| Untracked 
|  38|0x0000000084800000, 0x0000000084800000, 0x0000000084900000|  0%| F|  |TAMS 0x0000000084800000| PB 0x0000000084800000| Untracked 
|  39|0x0000000084900000, 0x0000000084900000, 0x0000000084a00000|  0%| F|  |TAMS 0x0000000084900000| PB 0x0000000084900000| Untracked 
|  40|0x0000000084a00000, 0x0000000084a00000, 0x0000000084b00000|  0%| F|  |TAMS 0x0000000084a00000| PB 0x0000000084a00000| Untracked 
|  41|0x0000000084b00000, 0x0000000084b00000, 0x0000000084c00000|  0%| F|  |TAMS 0x0000000084b00000| PB 0x0000000084b00000| Untracked 
|  42|0x0000000084c00000, 0x0000000084c00000, 0x0000000084d00000|  0%| F|  |TAMS 0x0000000084c00000| PB 0x0000000084c00000| Untracked 
|  43|0x0000000084d00000, 0x0000000084d00000, 0x0000000084e00000|  0%| F|  |TAMS 0x0000000084d00000| PB 0x0000000084d00000| Untracked 
|  44|0x0000000084e00000, 0x0000000084e00000, 0x0000000084f00000|  0%| F|  |TAMS 0x0000000084e00000| PB 0x0000000084e00000| Untracked 
|  45|0x0000000084f00000, 0x0000000084f00000, 0x0000000085000000|  0%| F|  |TAMS 0x0000000084f00000| PB 0x0000000084f00000| Untracked 
|  46|0x0000000085000000, 0x0000000085000000, 0x0000000085100000|  0%| F|  |TAMS 0x0000000085000000| PB 0x0000000085000000| Untracked 
|  47|0x0000000085100000, 0x0000000085100000, 0x0000000085200000|  0%| F|  |TAMS 0x0000000085100000| PB 0x0000000085100000| Untracked 
|  48|0x0000000085200000, 0x0000000085200000, 0x0000000085300000|  0%| F|  |TAMS 0x0000000085200000| PB 0x0000000085200000| Untracked 
|  49|0x0000000085300000, 0x0000000085300000, 0x0000000085400000|  0%| F|  |TAMS 0x0000000085300000| PB 0x0000000085300000| Untracked 
|  50|0x0000000085400000, 0x0000000085400000, 0x0000000085500000|  0%| F|  |TAMS 0x0000000085400000| PB 0x0000000085400000| Untracked 
|  51|0x0000000085500000, 0x0000000085500000, 0x0000000085600000|  0%| F|  |TAMS 0x0000000085500000| PB 0x0000000085500000| Untracked 
|  52|0x0000000085600000, 0x0000000085600000, 0x0000000085700000|  0%| F|  |TAMS 0x0000000085600000| PB 0x0000000085600000| Untracked 
|  53|0x0000000085700000, 0x0000000085700000, 0x0000000085800000|  0%| F|  |TAMS 0x0000000085700000| PB 0x0000000085700000| Untracked 
|  54|0x0000000085800000, 0x0000000085800000, 0x0000000085900000|  0%| F|  |TAMS 0x0000000085800000| PB 0x0000000085800000| Untracked 
|  55|0x0000000085900000, 0x0000000085900000, 0x0000000085a00000|  0%| F|  |TAMS 0x0000000085900000| PB 0x0000000085900000| Untracked 
|  56|0x0000000085a00000, 0x0000000085a00000, 0x0000000085b00000|  0%| F|  |TAMS 0x0000000085a00000| PB 0x0000000085a00000| Untracked 
|  57|0x0000000085b00000, 0x0000000085b00000, 0x0000000085c00000|  0%| F|  |TAMS 0x0000000085b00000| PB 0x0000000085b00000| Untracked 
|  58|0x0000000085c00000, 0x0000000085c00000, 0x0000000085d00000|  0%| F|  |TAMS 0x0000000085c00000| PB 0x0000000085c00000| Untracked 
|  59|0x0000000085d00000, 0x0000000085d00000, 0x0000000085e00000|  0%| F|  |TAMS 0x0000000085d00000| PB 0x0000000085d00000| Untracked 
|  60|0x0000000085e00000, 0x0000000085e00000, 0x0000000085f00000|  0%| F|  |TAMS 0x0000000085e00000| PB 0x0000000085e00000| Untracked 
|  61|0x0000000085f00000, 0x0000000085f00000, 0x0000000086000000|  0%| F|  |TAMS 0x0000000085f00000| PB 0x0000000085f00000| Untracked 
|  62|0x0000000086000000, 0x0000000086000000, 0x0000000086100000|  0%| F|  |TAMS 0x0000000086000000| PB 0x0000000086000000| Untracked 
|  63|0x0000000086100000, 0x0000000086100000, 0x0000000086200000|  0%| F|  |TAMS 0x0000000086100000| PB 0x0000000086100000| Untracked 
|  64|0x0000000086200000, 0x0000000086200000, 0x0000000086300000|  0%| F|  |TAMS 0x0000000086200000| PB 0x0000000086200000| Untracked 
|  65|0x0000000086300000, 0x0000000086300000, 0x0000000086400000|  0%| F|  |TAMS 0x0000000086300000| PB 0x0000000086300000| Untracked 
|  66|0x0000000086400000, 0x0000000086400000, 0x0000000086500000|  0%| F|  |TAMS 0x0000000086400000| PB 0x0000000086400000| Untracked 
|  67|0x0000000086500000, 0x0000000086500000, 0x0000000086600000|  0%| F|  |TAMS 0x0000000086500000| PB 0x0000000086500000| Untracked 
|  68|0x0000000086600000, 0x0000000086600000, 0x0000000086700000|  0%| F|  |TAMS 0x0000000086600000| PB 0x0000000086600000| Untracked 
|  69|0x0000000086700000, 0x0000000086700000, 0x0000000086800000|  0%| F|  |TAMS 0x0000000086700000| PB 0x0000000086700000| Untracked 
|  70|0x0000000086800000, 0x0000000086800000, 0x0000000086900000|  0%| F|  |TAMS 0x0000000086800000| PB 0x0000000086800000| Untracked 
|  71|0x0000000086900000, 0x0000000086900000, 0x0000000086a00000|  0%| F|  |TAMS 0x0000000086900000| PB 0x0000000086900000| Untracked 
|  72|0x0000000086a00000, 0x0000000086a00000, 0x0000000086b00000|  0%| F|  |TAMS 0x0000000086a00000| PB 0x0000000086a00000| Untracked 
|  73|0x0000000086b00000, 0x0000000086b00000, 0x0000000086c00000|  0%| F|  |TAMS 0x0000000086b00000| PB 0x0000000086b00000| Untracked 
|  74|0x0000000086c00000, 0x0000000086c00000, 0x0000000086d00000|  0%| F|  |TAMS 0x0000000086c00000| PB 0x0000000086c00000| Untracked 
|  75|0x0000000086d00000, 0x0000000086d00000, 0x0000000086e00000|  0%| F|  |TAMS 0x0000000086d00000| PB 0x0000000086d00000| Untracked 
|  76|0x0000000086e00000, 0x0000000086e00000, 0x0000000086f00000|  0%| F|  |TAMS 0x0000000086e00000| PB 0x0000000086e00000| Untracked 
|  77|0x0000000086f00000, 0x0000000086f00000, 0x0000000087000000|  0%| F|  |TAMS 0x0000000086f00000| PB 0x0000000086f00000| Untracked 
|  78|0x0000000087000000, 0x0000000087000000, 0x0000000087100000|  0%| F|  |TAMS 0x0000000087000000| PB 0x0000000087000000| Untracked 
|  79|0x0000000087100000, 0x0000000087100000, 0x0000000087200000|  0%| F|  |TAMS 0x0000000087100000| PB 0x0000000087100000| Untracked 
|  80|0x0000000087200000, 0x0000000087200000, 0x0000000087300000|  0%| F|  |TAMS 0x0000000087200000| PB 0x0000000087200000| Untracked 
|  81|0x0000000087300000, 0x0000000087300000, 0x0000000087400000|  0%| F|  |TAMS 0x0000000087300000| PB 0x0000000087300000| Untracked 
|  82|0x0000000087400000, 0x0000000087400000, 0x0000000087500000|  0%| F|  |TAMS 0x0000000087400000| PB 0x0000000087400000| Untracked 
|  83|0x0000000087500000, 0x0000000087500000, 0x0000000087600000|  0%| F|  |TAMS 0x0000000087500000| PB 0x0000000087500000| Untracked 
|  84|0x0000000087600000, 0x0000000087600000, 0x0000000087700000|  0%| F|  |TAMS 0x0000000087600000| PB 0x0000000087600000| Untracked 
|  85|0x0000000087700000, 0x0000000087700000, 0x0000000087800000|  0%| F|  |TAMS 0x0000000087700000| PB 0x0000000087700000| Untracked 
|  86|0x0000000087800000, 0x0000000087800000, 0x0000000087900000|  0%| F|  |TAMS 0x0000000087800000| PB 0x0000000087800000| Untracked 
|  87|0x0000000087900000, 0x0000000087900000, 0x0000000087a00000|  0%| F|  |TAMS 0x0000000087900000| PB 0x0000000087900000| Untracked 
|  88|0x0000000087a00000, 0x0000000087a00000, 0x0000000087b00000|  0%| F|  |TAMS 0x0000000087a00000| PB 0x0000000087a00000| Untracked 
|  89|0x0000000087b00000, 0x0000000087b00000, 0x0000000087c00000|  0%| F|  |TAMS 0x0000000087b00000| PB 0x0000000087b00000| Untracked 
|  90|0x0000000087c00000, 0x0000000087c00000, 0x0000000087d00000|  0%| F|  |TAMS 0x0000000087c00000| PB 0x0000000087c00000| Untracked 
|  91|0x0000000087d00000, 0x0000000087d00000, 0x0000000087e00000|  0%| F|  |TAMS 0x0000000087d00000| PB 0x0000000087d00000| Untracked 
|  92|0x0000000087e00000, 0x0000000087e00000, 0x0000000087f00000|  0%| F|  |TAMS 0x0000000087e00000| PB 0x0000000087e00000| Untracked 
|  93|0x0000000087f00000, 0x0000000087f00000, 0x0000000088000000|  0%| F|  |TAMS 0x0000000087f00000| PB 0x0000000087f00000| Untracked 
|  94|0x0000000088000000, 0x0000000088000000, 0x0000000088100000|  0%| F|  |TAMS 0x0000000088000000| PB 0x0000000088000000| Untracked 
|  95|0x0000000088100000, 0x0000000088100000, 0x0000000088200000|  0%| F|  |TAMS 0x0000000088100000| PB 0x0000000088100000| Untracked 
|  96|0x0000000088200000, 0x0000000088200000, 0x0000000088300000|  0%| F|  |TAMS 0x0000000088200000| PB 0x0000000088200000| Untracked 
|  97|0x0000000088300000, 0x0000000088300000, 0x0000000088400000|  0%| F|  |TAMS 0x0000000088300000| PB 0x0000000088300000| Untracked 
|  98|0x0000000088400000, 0x0000000088400000, 0x0000000088500000|  0%| F|  |TAMS 0x0000000088400000| PB 0x0000000088400000| Untracked 
|  99|0x0000000088500000, 0x0000000088500000, 0x0000000088600000|  0%| F|  |TAMS 0x0000000088500000| PB 0x0000000088500000| Untracked 
| 100|0x0000000088600000, 0x0000000088600000, 0x0000000088700000|  0%| F|  |TAMS 0x0000000088600000| PB 0x0000000088600000| Untracked 
| 101|0x0000000088700000, 0x0000000088700000, 0x0000000088800000|  0%| F|  |TAMS 0x0000000088700000| PB 0x0000000088700000| Untracked 
| 102|0x0000000088800000, 0x0000000088800000, 0x0000000088900000|  0%| F|  |TAMS 0x0000000088800000| PB 0x0000000088800000| Untracked 
| 103|0x0000000088900000, 0x0000000088900000, 0x0000000088a00000|  0%| F|  |TAMS 0x0000000088900000| PB 0x0000000088900000| Untracked 
| 104|0x0000000088a00000, 0x0000000088a00000, 0x0000000088b00000|  0%| F|  |TAMS 0x0000000088a00000| PB 0x0000000088a00000| Untracked 
| 105|0x0000000088b00000, 0x0000000088b00000, 0x0000000088c00000|  0%| F|  |TAMS 0x0000000088b00000| PB 0x0000000088b00000| Untracked 
| 106|0x0000000088c00000, 0x0000000088c00000, 0x0000000088d00000|  0%| F|  |TAMS 0x0000000088c00000| PB 0x0000000088c00000| Untracked 
| 107|0x0000000088d00000, 0x0000000088d00000, 0x0000000088e00000|  0%| F|  |TAMS 0x0000000088d00000| PB 0x0000000088d00000| Untracked 
| 108|0x0000000088e00000, 0x0000000088e00000, 0x0000000088f00000|  0%| F|  |TAMS 0x0000000088e00000| PB 0x0000000088e00000| Untracked 
| 109|0x0000000088f00000, 0x0000000088f00000, 0x0000000089000000|  0%| F|  |TAMS 0x0000000088f00000| PB 0x0000000088f00000| Untracked 
| 110|0x0000000089000000, 0x0000000089000000, 0x0000000089100000|  0%| F|  |TAMS 0x0000000089000000| PB 0x0000000089000000| Untracked 
| 111|0x0000000089100000, 0x0000000089100000, 0x0000000089200000|  0%| F|  |TAMS 0x0000000089100000| PB 0x0000000089100000| Untracked 
| 112|0x0000000089200000, 0x0000000089200000, 0x0000000089300000|  0%| F|  |TAMS 0x0000000089200000| PB 0x0000000089200000| Untracked 
| 113|0x0000000089300000, 0x0000000089300000, 0x0000000089400000|  0%| F|  |TAMS 0x0000000089300000| PB 0x0000000089300000| Untracked 
| 114|0x0000000089400000, 0x0000000089400000, 0x0000000089500000|  0%| F|  |TAMS 0x0000000089400000| PB 0x0000000089400000| Untracked 
| 115|0x0000000089500000, 0x0000000089500000, 0x0000000089600000|  0%| F|  |TAMS 0x0000000089500000| PB 0x0000000089500000| Untracked 
| 116|0x0000000089600000, 0x0000000089600000, 0x0000000089700000|  0%| F|  |TAMS 0x0000000089600000| PB 0x0000000089600000| Untracked 
| 117|0x0000000089700000, 0x0000000089700000, 0x0000000089800000|  0%| F|  |TAMS 0x0000000089700000| PB 0x0000000089700000| Untracked 
| 118|0x0000000089800000, 0x00000000898ec130, 0x0000000089900000| 92%| E|  |TAMS 0x0000000089800000| PB 0x0000000089800000| Complete 
| 119|0x0000000089900000, 0x0000000089a00000, 0x0000000089a00000|100%| E|CS|TAMS 0x0000000089900000| PB 0x0000000089900000| Complete 
| 120|0x0000000089a00000, 0x0000000089b00000, 0x0000000089b00000|100%| E|CS|TAMS 0x0000000089a00000| PB 0x0000000089a00000| Complete 
| 121|0x0000000089b00000, 0x0000000089c00000, 0x0000000089c00000|100%| E|CS|TAMS 0x0000000089b00000| PB 0x0000000089b00000| Complete 
| 122|0x0000000089c00000, 0x0000000089d00000, 0x0000000089d00000|100%| E|CS|TAMS 0x0000000089c00000| PB 0x0000000089c00000| Complete 
| 123|0x0000000089d00000, 0x0000000089e00000, 0x0000000089e00000|100%| E|CS|TAMS 0x0000000089d00000| PB 0x0000000089d00000| Complete 
| 124|0x0000000089e00000, 0x0000000089f00000, 0x0000000089f00000|100%| E|CS|TAMS 0x0000000089e00000| PB 0x0000000089e00000| Complete 
| 125|0x0000000089f00000, 0x000000008a000000, 0x000000008a000000|100%| E|CS|TAMS 0x0000000089f00000| PB 0x0000000089f00000| Complete 

Card table byte_map: [0x000002a0eaa20000,0x000002a0eae10000] _byte_map_base: 0x000002a0ea60f000

Marking Bits: (CMBitMap*) 0x000002a0d0fe2c90
 Bits: [0x000002a0eae10000, 0x000002a0ecd88000)

Polling page: 0x000002a0daba0000

Metaspace:

Usage:
  Non-class:      6.14 MB used.
      Class:    766.38 KB used.
       Both:      6.89 MB used.

Virtual space:
  Non-class space:       64.00 MB reserved,       6.19 MB ( 10%) committed,  1 nodes.
      Class space:        1.00 GB reserved,     896.00 KB ( <1%) committed,  1 nodes.
             Both:        1.06 GB reserved,       7.06 MB ( <1%) committed. 

Chunk freelists:
   Non-Class:  9.00 MB
       Class:  15.10 MB
        Both:  24.10 MB

MaxMetaspaceSize: unlimited
CompressedClassSpaceSize: 1.00 GB
Initial GC threshold: 21.00 MB
Current GC threshold: 21.00 MB
CDS: on
 - commit_granule_bytes: 65536.
 - commit_granule_words: 8192.
 - virtual_space_node_default_size: 8388608.
 - enlarge_chunks_in_place: 1.
 - use_allocation_guard: 0.


Internal statistics:

num_allocs_failed_limit: 0.
num_arena_births: 140.
num_arena_deaths: 0.
num_vsnodes_births: 2.
num_vsnodes_deaths: 0.
num_space_committed: 113.
num_space_uncommitted: 0.
num_chunks_returned_to_freelist: 0.
num_chunks_taken_from_freelist: 187.
num_chunk_merges: 0.
num_chunk_splits: 105.
num_chunks_enlarged: 38.
num_inconsistent_stats: 0.

CodeHeap 'non-profiled nmethods': size=120000Kb used=232Kb max_used=232Kb free=119767Kb
 bounds [0x000002a0e2690000, 0x000002a0e2900000, 0x000002a0e9bc0000]
CodeHeap 'profiled nmethods': size=120000Kb used=980Kb max_used=980Kb free=119019Kb
 bounds [0x000002a0dabc0000, 0x000002a0dae30000, 0x000002a0e20f0000]
CodeHeap 'non-nmethods': size=5760Kb used=1543Kb max_used=1555Kb free=4216Kb
 bounds [0x000002a0e20f0000, 0x000002a0e2360000, 0x000002a0e2690000]
 total_blobs=1365 nmethods=752 adapters=518
 compilation: enabled
              stopped_count=0, restarted_count=0
 full_count=0

Compilation events (20 events):
Event: 0.555 Thread 0x000002a0ef866c60  743       4       jdk.internal.misc.Unsafe::putInt (8 bytes)
Event: 0.555 Thread 0x000002a0ef8700d0  744       3       sun.java2d.marlin.FloatMath::ceil_int (29 bytes)
Event: 0.555 Thread 0x000002a0ef8700d0 nmethod 744 0x000002a0dacb2690 code [0x000002a0dacb2840, 0x000002a0dacb2b28]
Event: 0.555 Thread 0x000002a0ef866c60 nmethod 743 0x000002a0e26c9710 code [0x000002a0e26c98a0, 0x000002a0e26c9930]
Event: 0.556 Thread 0x000002a0ef8700d0  745       3       sun.java2d.pipe.PixelToParallelogramConverter::normalize (15 bytes)
Event: 0.556 Thread 0x000002a0ef8700d0 nmethod 745 0x000002a0dacb2c10 code [0x000002a0dacb2dc0, 0x000002a0dacb2f78]
Event: 0.556 Thread 0x000002a0ef8700d0  746       3       java.awt.Color::getAlpha (12 bytes)
Event: 0.556 Thread 0x000002a0ef8700d0 nmethod 746 0x000002a0dacb3090 code [0x000002a0dacb3220, 0x000002a0dacb33d0]
Event: 0.556 Thread 0x000002a0ef8700d0  747       1       java.awt.geom.AffineTransform::getScaleX (5 bytes)
Event: 0.556 Thread 0x000002a0ef8700d0 nmethod 747 0x000002a0e26c9a10 code [0x000002a0e26c9ba0, 0x000002a0e26c9c68]
Event: 0.556 Thread 0x000002a0ef8700d0  748       3       sun.java2d.marlin.FloatMath::min (11 bytes)
Event: 0.556 Thread 0x000002a0ef8700d0 nmethod 748 0x000002a0dacb3490 code [0x000002a0dacb3620, 0x000002a0dacb3760]
Event: 0.556 Thread 0x000002a0ef8700d0  749       3       sun.java2d.marlin.FloatMath::max (11 bytes)
Event: 0.556 Thread 0x000002a0ef8700d0 nmethod 749 0x000002a0dacb3810 code [0x000002a0dacb39a0, 0x000002a0dacb3ae0]
Event: 0.557 Thread 0x000002a0ef8700d0  750       1       sun.java2d.SunGraphics2D::getSurfaceData (5 bytes)
Event: 0.557 Thread 0x000002a0ef8700d0 nmethod 750 0x000002a0e26c9d10 code [0x000002a0e26c9ea0, 0x000002a0e26c9f68]
Event: 0.557 Thread 0x000002a0ef8700d0  751       3       sun.java2d.marlin.Renderer::addLine (538 bytes)
Event: 0.558 Thread 0x000002a0ef8700d0 nmethod 751 0x000002a0dacb3b90 code [0x000002a0dacb3e40, 0x000002a0dacb4ae0]
Event: 0.558 Thread 0x000002a0ef8700d0  752       1       java.awt.RenderingHints$Key::intKey (5 bytes)
Event: 0.558 Thread 0x000002a0ef8700d0 nmethod 752 0x000002a0e26ca010 code [0x000002a0e26ca1a0, 0x000002a0e26ca268]

GC Heap History (0 events):
No events

Dll operation events (8 events):
Event: 0.007 Loaded shared library C:\Program Files\Java\jdk-21\bin\java.dll
Event: 0.039 Loaded shared library C:\Program Files\Java\jdk-21\bin\jsvml.dll
Event: 0.065 Loaded shared library C:\Program Files\Java\jdk-21\bin\net.dll
Event: 0.067 Loaded shared library C:\Program Files\Java\jdk-21\bin\nio.dll
Event: 0.091 Loaded shared library C:\Program Files\Java\jdk-21\bin\jimage.dll
Event: 0.105 Loaded shared library C:\Program Files\Java\jdk-21\bin\awt.dll
Event: 0.267 Loaded shared library C:\Program Files\Java\jdk-21\bin\freetype.dll
Event: 0.268 Loaded shared library C:\Program Files\Java\jdk-21\bin\fontmanager.dll

Deoptimization events (4 events):
Event: 0.184 Thread 0x000002a0d0f93300 Uncommon trap: trap_request=0xffffff45 fr.pc=0x000002a0e269f89c relative=0x0000000000000bbc
Event: 0.184 Thread 0x000002a0d0f93300 Uncommon trap: reason=unstable_if action=reinterpret pc=0x000002a0e269f89c method=java.util.HashMap.putVal(ILjava/lang/Object;Ljava/lang/Object;ZZ)Ljava/lang/Object; @ 81 c2
Event: 0.184 Thread 0x000002a0d0f93300 DEOPT PACKING pc=0x000002a0e269f89c sp=0x000000d93d0fdfc0
Event: 0.184 Thread 0x000002a0d0f93300 DEOPT UNPACKING pc=0x000002a0e21446a2 sp=0x000000d93d0fdf70 mode 2

Classes loaded (20 events):
Event: 0.554 Loading class sun/java2d/marlin/ArrayCacheConst
Event: 0.554 Loading class sun/java2d/marlin/ArrayCacheConst done
Event: 0.558 Loading class java/awt/KeyboardFocusManager$3
Event: 0.558 Loading class java/awt/KeyboardFocusManager$3 done
Event: 0.558 Loading class java/awt/im/InputContext
Event: 0.558 Loading class java/awt/im/InputContext done
Event: 0.558 Loading class sun/awt/im/InputMethodContext
Event: 0.558 Loading class java/awt/im/spi/InputMethodContext
Event: 0.558 Loading class java/awt/im/InputMethodRequests
Event: 0.558 Loading class java/awt/im/InputMethodRequests done
Event: 0.558 Loading class java/awt/im/spi/InputMethodContext done
Event: 0.558 Loading class sun/awt/im/InputContext
Event: 0.559 Loading class sun/awt/im/InputContext done
Event: 0.559 Loading class sun/awt/im/InputMethodContext done
Event: 0.559 Loading class sun/awt/windows/WInputMethod
Event: 0.559 Loading class sun/awt/im/InputMethodAdapter
Event: 0.559 Loading class java/awt/im/spi/InputMethod
Event: 0.559 Loading class java/awt/im/spi/InputMethod done
Event: 0.559 Loading class sun/awt/im/InputMethodAdapter done
Event: 0.559 Loading class sun/awt/windows/WInputMethod done

Classes unloaded (0 events):
No events

Classes redefined (0 events):
No events

Internal exceptions (14 events):
Event: 0.068 Thread 0x000002a0d0f93300 Exception <a 'sun/nio/fs/WindowsException'{0x0000000089e43f70}> (0x0000000089e43f70) 
thrown [s\open\src\hotspot\share\prims\jni.cpp, line 520]
Event: 0.069 Thread 0x000002a0d0f93300 Exception <a 'sun/nio/fs/WindowsException'{0x0000000089e46bd8}> (0x0000000089e46bd8) 
thrown [s\open\src\hotspot\share\prims\jni.cpp, line 520]
Event: 0.070 Thread 0x000002a0d0f93300 Exception <a 'sun/nio/fs/WindowsException'{0x0000000089e4baa0}> (0x0000000089e4baa0) 
thrown [s\open\src\hotspot\share\prims\jni.cpp, line 520]
Event: 0.097 Thread 0x000002a0d0f93300 Exception <a 'java/lang/ClassNotFoundException'{0x0000000089d66900}: sun/awt/resources/spi/awtProvider> (0x0000000089d66900) 
thrown [s\open\src\hotspot\share\classfile\systemDictionary.cpp, line 312]
Event: 0.114 Thread 0x000002a0d0f93300 Exception <a 'java/io/FileNotFoundException'{0x0000000089dbbc20}> (0x0000000089dbbc20) 
thrown [s\open\src\hotspot\share\prims\jni.cpp, line 520]
Event: 0.121 Thread 0x000002a0d0f93300 Exception <a 'java/io/FileNotFoundException'{0x0000000089de5c48}> (0x0000000089de5c48) 
thrown [s\open\src\hotspot\share\prims\jni.cpp, line 520]
Event: 0.185 Thread 0x000002a0d0f93300 Exception <a 'java/lang/NoSuchMethodError'{0x0000000089c70f28}: 'void java.lang.invoke.DirectMethodHandle$Holder.invokeSpecial(java.lang.Object, java.lang.Object, java.lang.Object)'> (0x0000000089c70f28) 
thrown [s\open\src\hotspot\share\interpreter\linkResolver.cpp, line 773]
Event: 0.191 Thread 0x000002a0d0f93300 Exception <a 'java/lang/NoSuchMethodError'{0x0000000089b20788}: 'java.lang.Object java.lang.invoke.DirectMethodHandle$Holder.newInvokeSpecial(java.lang.Object, java.lang.Object, java.lang.Object, java.lang.Object, java.lang.Object)'> (0x0000000089b20788) 
thrown [s\open\src\hotspot\share\interpreter\linkResolver.cpp, line 773]
Event: 0.198 Thread 0x000002a0d0f93300 Exception <a 'java/lang/NoSuchMethodError'{0x0000000089b4c310}: 'java.lang.Object java.lang.invoke.DirectMethodHandle$Holder.invokeStatic(java.lang.Object, int, java.lang.Object)'> (0x0000000089b4c310) 
thrown [s\open\src\hotspot\share\interpreter\linkResolver.cpp, line 773]
Event: 0.216 Thread 0x000002a0d0f93300 Exception <a 'java/lang/ClassNotFoundException'{0x0000000089a61b08}: com/sun/swing/internal/plaf/metal/resources/spi/metalProvider> (0x0000000089a61b08) 
thrown [s\open\src\hotspot\share\classfile\systemDictionary.cpp, line 312]
Event: 0.217 Thread 0x000002a0d0f93300 Exception <a 'java/lang/ClassNotFoundException'{0x0000000089a65a68}: com/sun/swing/internal/plaf/basic/resources/spi/basicProvider> (0x0000000089a65a68) 
thrown [s\open\src\hotspot\share\classfile\systemDictionary.cpp, line 312]
Event: 0.225 Thread 0x000002a0d0f93300 Exception <a 'java/lang/NoSuchMethodError'{0x0000000089a84e30}: 'int java.lang.invoke.Invokers$Holder.invokeExact_MT(java.lang.Object, java.lang.Object)'> (0x0000000089a84e30) 
thrown [s\open\src\hotspot\share\interpreter\linkResolver.cpp, line 773]
Event: 0.250 Thread 0x000002a0efcb8db0 Exception <a 'java/lang/NoSuchMethodError'{0x0000000089cfabd8}: 'void java.lang.invoke.DirectMethodHandle$Holder.invokeVirtual(java.lang.Object, java.lang.Object)'> (0x0000000089cfabd8) 
thrown [s\open\src\hotspot\share\interpreter\linkResolver.cpp, line 773]
Event: 0.264 Thread 0x000002a0d0f93300 Exception <a 'java/lang/NoSuchMethodError'{0x0000000089ad85e8}: 'void java.lang.invoke.DirectMethodHandle$Holder.invokeStaticInit(java.lang.Object)'> (0x0000000089ad85e8) 
thrown [s\open\src\hotspot\share\interpreter\linkResolver.cpp, line 773]

ZGC Phase Switch (0 events):
No events

VM Operations (4 events):
Event: 0.071 Executing VM operation: HandshakeAllThreads (Deoptimize)
Event: 0.071 Executing VM operation: HandshakeAllThreads (Deoptimize) done
Event: 0.227 Executing VM operation: HandshakeAllThreads (Deoptimize)
Event: 0.227 Executing VM operation: HandshakeAllThreads (Deoptimize) done

Events (17 events):
Event: 0.024 Thread 0x000002a0d0f93300 Thread added: 0x000002a0d0f93300
Event: 0.037 Thread 0x000002a0ef854c30 Thread added: 0x000002a0ef854c30
Event: 0.037 Thread 0x000002a0ef8596b0 Thread added: 0x000002a0ef8596b0
Event: 0.037 Thread 0x000002a0ef85c100 Thread added: 0x000002a0ef85c100
Event: 0.038 Thread 0x000002a0ef85e390 Thread added: 0x000002a0ef85e390
Event: 0.038 Thread 0x000002a0ef85faf0 Thread added: 0x000002a0ef85faf0
Event: 0.038 Thread 0x000002a0ef861560 Thread added: 0x000002a0ef861560
Event: 0.038 Thread 0x000002a0ef866c60 Thread added: 0x000002a0ef866c60
Event: 0.038 Thread 0x000002a0ef8700d0 Thread added: 0x000002a0ef8700d0
Event: 0.055 Thread 0x000002a0efa50990 Thread added: 0x000002a0efa50990
Event: 0.081 Thread 0x000002a0efb9add0 Thread added: 0x000002a0efb9add0
Event: 0.160 Thread 0x000002a0efcabec0 Thread added: 0x000002a0efcabec0
Event: 0.161 Thread 0x000002a0efcb0850 Thread added: 0x000002a0efcb0850
Event: 0.162 Thread 0x000002a0efcb8db0 Thread added: 0x000002a0efcb8db0
Event: 0.249 Thread 0x000002a0efd1cc90 Thread added: 0x000002a0efd1cc90
Event: 0.514 Thread 0x000002a0d0f93300 Thread exited: 0x000002a0d0f93300
Event: 0.514 Thread 0x000002a0d0f93300 Thread added: 0x000002a0d0f93300


Dynamic libraries:
0x00007ff608820000 - 0x00007ff608830000 	C:\Program Files\Java\jdk-21\bin\java.exe
0x00007ff891150000 - 0x00007ff891369000 	C:\Windows\SYSTEM32\ntdll.dll
0x00007ff8902e0000 - 0x00007ff8903a2000 	C:\Windows\System32\KERNEL32.DLL
0x00007ff88e8e0000 - 0x00007ff88ec7d000 	C:\Windows\System32\KERNELBASE.dll
0x00007ff88ed20000 - 0x00007ff88ee29000 	C:\Windows\System32\ucrtbase.dll
0x00007ff8875f0000 - 0x00007ff88760b000 	C:\Program Files\Java\jdk-21\bin\VCRUNTIME140.dll
0x00007ff884ec0000 - 0x00007ff884ed9000 	C:\Program Files\Java\jdk-21\bin\jli.dll
0x00007ff88fa70000 - 0x00007ff88fb1e000 	C:\Windows\System32\ADVAPI32.dll
0x00007ff8901b0000 - 0x00007ff890257000 	C:\Windows\System32\msvcrt.dll
0x00007ff88f270000 - 0x00007ff88f316000 	C:\Windows\System32\sechost.dll
0x00007ff88ff30000 - 0x00007ff890057000 	C:\Windows\System32\RPCRT4.dll
0x00007ff88ef20000 - 0x00007ff88f0cc000 	C:\Windows\System32\USER32.dll
0x00007ff88e550000 - 0x00007ff88e576000 	C:\Windows\System32\win32u.dll
0x00007ff890dd0000 - 0x00007ff890df9000 	C:\Windows\System32\GDI32.dll
0x00007ff88e7c0000 - 0x00007ff88e8d2000 	C:\Windows\System32\gdi32full.dll
0x00007ff880120000 - 0x00007ff8803b1000 	C:\Windows\WinSxS\amd64_microsoft.windows.common-controls_6595b64144ccf1df_6.0.25201.1000_none_78477d855aaef99f\COMCTL32.dll
0x00007ff88ec80000 - 0x00007ff88ed1a000 	C:\Windows\System32\msvcp_win.dll
0x00007ff8834a0000 - 0x00007ff8834aa000 	C:\Windows\SYSTEM32\VERSION.dll
0x00007ff890420000 - 0x00007ff890451000 	C:\Windows\System32\IMM32.DLL
0x00007ff889e20000 - 0x00007ff889e2c000 	C:\Program Files\Java\jdk-21\bin\vcruntime140_1.dll
0x00007ff875d10000 - 0x00007ff875d9e000 	C:\Program Files\Java\jdk-21\bin\msvcp140.dll
0x00007ff81edf0000 - 0x00007ff81fb05000 	C:\Program Files\Java\jdk-21\bin\server\jvm.dll
0x00007ff88fb20000 - 0x00007ff88fb8f000 	C:\Windows\System32\WS2_32.dll
0x00007ff88e420000 - 0x00007ff88e46d000 	C:\Windows\SYSTEM32\POWRPROF.dll
0x00007ff888da0000 - 0x00007ff888dd6000 	C:\Windows\SYSTEM32\WINMM.dll
0x00007ff88e400000 - 0x00007ff88e413000 	C:\Windows\SYSTEM32\UMPDC.dll
0x00007ff88d500000 - 0x00007ff88d518000 	C:\Windows\SYSTEM32\kernel.appcore.dll
0x00007ff888bf0000 - 0x00007ff888bfa000 	C:\Program Files\Java\jdk-21\bin\jimage.dll
0x00007ff8818b0000 - 0x00007ff881ae1000 	C:\Windows\SYSTEM32\DBGHELP.DLL
0x00007ff88fba0000 - 0x00007ff88ff29000 	C:\Windows\System32\combase.dll
0x00007ff890460000 - 0x00007ff890538000 	C:\Windows\System32\OLEAUT32.dll
0x00007ff881870000 - 0x00007ff8818a2000 	C:\Windows\SYSTEM32\dbgcore.DLL
0x00007ff88eea0000 - 0x00007ff88ef19000 	C:\Windows\System32\bcryptPrimitives.dll
0x00007ff885350000 - 0x00007ff88536f000 	C:\Program Files\Java\jdk-21\bin\java.dll
0x00007ff8905f0000 - 0x00007ff890dcc000 	C:\Windows\System32\SHELL32.dll
0x00007ff88c4a0000 - 0x00007ff88cd37000 	C:\Windows\SYSTEM32\windows.storage.dll
0x00007ff88c300000 - 0x00007ff88c493000 	C:\Windows\SYSTEM32\wintypes.dll
0x00007ff890060000 - 0x00007ff89014d000 	C:\Windows\System32\SHCORE.dll
0x00007ff8910b0000 - 0x00007ff89110d000 	C:\Windows\System32\shlwapi.dll
0x00007ff88e480000 - 0x00007ff88e4a2000 	C:\Windows\SYSTEM32\profapi.dll
0x00007ff884f30000 - 0x00007ff885007000 	C:\Program Files\Java\jdk-21\bin\jsvml.dll
0x00007ff8852b0000 - 0x00007ff8852c0000 	C:\Program Files\Java\jdk-21\bin\net.dll
0x00007ff887ab0000 - 0x00007ff887bdc000 	C:\Windows\SYSTEM32\WINHTTP.dll
0x00007ff88d9b0000 - 0x00007ff88da19000 	C:\Windows\system32\mswsock.dll
0x00007ff8851d0000 - 0x00007ff8851e6000 	C:\Program Files\Java\jdk-21\bin\nio.dll
0x00007ff864270000 - 0x00007ff8643ff000 	C:\Program Files\Java\jdk-21\bin\awt.dll
0x00007ff88b840000 - 0x00007ff88b8d6000 	C:\Windows\SYSTEM32\apphelp.dll
0x00007ff88bc50000 - 0x00007ff88bc7d000 	C:\Windows\system32\DWMAPI.DLL
0x00007ff88b9b0000 - 0x00007ff88ba59000 	C:\Windows\system32\uxtheme.dll
0x00007ff8700f0000 - 0x00007ff8701e9000 	C:\Windows\system32\opengl32.dll
0x00007ff884ee0000 - 0x00007ff884f0d000 	C:\Windows\SYSTEM32\GLU32.dll
0x00007ff88bb00000 - 0x00007ff88bb36000 	C:\Windows\SYSTEM32\dxcore.dll
0x00007ff890e00000 - 0x00007ff890f35000 	C:\Windows\System32\MSCTF.dll
0x00007ff88f0d0000 - 0x00007ff88f26d000 	C:\Windows\System32\ole32.dll
0x00007ff870280000 - 0x00007ff870307000 	C:\Program Files\Java\jdk-21\bin\freetype.dll
0x00007ff86ff20000 - 0x00007ff86fff3000 	C:\Program Files\Java\jdk-21\bin\fontmanager.dll
0x00007ff87f260000 - 0x00007ff87f385000 	C:\Windows\SYSTEM32\textinputframework.dll

dbghelp: loaded successfully - version: 4.0.5 - missing functions: none
symbol engine: initialized successfully - sym options: 0x614 - pdb path: .;C:\Program Files\Java\jdk-21\bin;C:\Windows\SYSTEM32;C:\Windows\WinSxS\amd64_microsoft.windows.common-controls_6595b64144ccf1df_6.0.25201.1000_none_78477d855aaef99f;C:\Program Files\Java\jdk-21\bin\server

VM Arguments:
jvm_args: -Dfile.encoding=UTF-8 --enable-preview --module-path=F:\the material\ITI -9months proffessional training\Software Testing & Quality Assurance\Java\Project\PaintProject\build\classes 
java_command: paintproject.PaintProject
java_class_path (initial): F:\the material\ITI -9months proffessional training\Software Testing & Quality Assurance\Java\Project\PaintProject\build\classes
Launcher Type: SUN_STANDARD

[Global flags]
     intx CICompilerCount                          = 4                                         {product} {ergonomic}
     uint ConcGCThreads                            = 2                                         {product} {ergonomic}
     uint G1ConcRefinementThreads                  = 8                                         {product} {ergonomic}
   size_t G1HeapRegionSize                         = 1048576                                   {product} {ergonomic}
    uintx GCDrainStackTargetSize                   = 64                                        {product} {ergonomic}
   size_t InitialHeapSize                          = 132120576                                 {product} {ergonomic}
   size_t MarkStackSize                            = 4194304                                   {product} {ergonomic}
   size_t MaxHeapSize                              = 2111832064                                {product} {ergonomic}
   size_t MaxNewSize                               = 1266679808                                {product} {ergonomic}
   size_t MinHeapDeltaBytes                        = 1048576                                   {product} {ergonomic}
   size_t MinHeapSize                              = 8388608                                   {product} {ergonomic}
    uintx NonNMethodCodeHeapSize                   = 5839372                                {pd product} {ergonomic}
    uintx NonProfiledCodeHeapSize                  = 122909434                              {pd product} {ergonomic}
    uintx ProfiledCodeHeapSize                     = 122909434                              {pd product} {ergonomic}
    uintx ReservedCodeCacheSize                    = 251658240                              {pd product} {ergonomic}
     bool SegmentedCodeCache                       = true                                      {product} {ergonomic}
   size_t SoftMaxHeapSize                          = 2111832064                             {manageable} {ergonomic}
     bool UseCompressedOops                        = true                           {product lp64_product} {ergonomic}
     bool UseG1GC                                  = true                                      {product} {ergonomic}
     bool UseLargePagesIndividualAllocation        = false                                  {pd product} {ergonomic}

Logging:
Log output configuration:
 #0: stdout all=warning uptime,level,tags foldmultilines=false
 #1: stderr all=off uptime,level,tags foldmultilines=false

Environment Variables:
PATH=C:\Program Files\Common Files\Oracle\Java\javapath;C:\Program Files (x86)\VMware\VMware Player\bin\;C:\Windows\system32;C:\Windows;C:\Windows\System32\Wbem;C:\Windows\System32\WindowsPowerShell\v1.0\;C:\Windows\System32\OpenSSH\;C:\Program Files\Git\cmd;C:\Users\salma\AppData\Local\Microsoft\WindowsApps;
USERNAME=salma
OS=Windows_NT
PROCESSOR_IDENTIFIER=Intel64 Family 6 Model 142 Stepping 12, GenuineIntel
TMP=C:\Users\salma\AppData\Local\Temp
TEMP=C:\Users\salma\AppData\Local\Temp




Periodic native trim disabled

---------------  S Y S T E M  ---------------

OS:
 Windows 11 , 64 bit Build 25201 (10.0.25201.1000)
OS uptime: 2 days 11:55 hours

CPU: total 8 (initial active 8) (4 cores per cpu, 2 threads per core) family 6 model 142 stepping 12 microcode 0xf8, cx8, cmov, fxsr, ht, mmx, 3dnowpref, sse, sse2, sse3, ssse3, sse4.1, sse4.2, popcnt, lzcnt, tsc, tscinvbit, avx, avx2, aes, erms, clmul, bmi1, bmi2, adx, fma, vzeroupper, clflush, clflushopt, rdtscp, f16c
Processor Information for all 8 processors :
  Max Mhz: 1800, Current Mhz: 1600, Mhz Limit: 1584

Memory: 4k page, system-wide physical 8052M (651M free)
TotalPageFile size 32628M (AvailPageFile size 6M)
current process WorkingSet (physical memory assigned to process): 60M, peak: 60M
current process commit charge ("private bytes"): 218M, peak: 221M

vm_info: Java HotSpot(TM) 64-Bit Server VM (21.0.1+12-LTS-29) for windows-amd64 JRE (21.0.1+12-LTS-29), built on 2023-10-05T13:27:09Z by "mach5one" with MS VC++ 17.1 (VS2022)

END.
